TN:
SF:src/index.js
FNF:0
FNH:0
DA:1,1
DA:2,1
DA:3,1
DA:4,1
DA:5,1
DA:6,1
DA:7,1
DA:8,1
DA:9,1
DA:10,1
DA:11,1
DA:12,1
DA:13,1
DA:14,1
DA:15,1
DA:16,1
DA:17,1
DA:18,1
DA:19,1
DA:20,1
DA:21,1
DA:22,4
DA:23,4
DA:24,4
DA:25,4
DA:26,1
DA:27,1
DA:28,4
DA:29,1
DA:30,1
DA:31,2
DA:32,2
DA:33,4
DA:34,0
DA:35,0
DA:36,0
DA:37,0
DA:38,0
DA:39,0
DA:40,0
DA:41,1
DA:42,1
DA:43,1
DA:44,1
DA:45,1
DA:46,1
DA:47,1
DA:48,1
DA:49,1
DA:50,1
DA:51,1
LF:51
LH:44
BRDA:21,0,0,4
BRDA:25,1,0,1
BRDA:27,2,0,3
BRDA:28,3,0,1
BRDA:30,4,0,2
BRDA:33,5,0,0
BRF:6
BRH:5
end_of_record
TN:
SF:src/models/user.js
FNF:0
FNH:0
DA:1,1
DA:2,1
DA:3,1
DA:4,1
DA:5,1
DA:6,1
DA:7,1
DA:8,1
DA:9,1
DA:10,1
DA:11,1
DA:12,2
DA:13,2
DA:14,2
DA:15,2
DA:16,2
DA:17,1
DA:18,1
DA:19,1
DA:20,1
DA:21,1
LF:21
LH:21
BRDA:11,0,0,2
BRF:1
BRH:1
end_of_record
TN:
SF:src/routes/auth.js
FNF:0
FNH:0
DA:1,1
DA:2,1
DA:3,1
DA:4,1
DA:5,1
DA:6,1
DA:7,1
DA:8,2
DA:9,2
DA:10,2
DA:11,2
DA:12,1
DA:13,1
DA:14,1
DA:15,2
DA:16,0
DA:17,0
DA:18,1
DA:19,1
DA:20,2
DA:21,0
DA:22,0
DA:23,1
DA:24,1
DA:25,1
LF:25
LH:21
BRDA:7,0,0,2
BRDA:11,1,0,1
BRDA:15,2,0,0
BRDA:17,3,0,1
BRDA:20,4,0,0
BRF:5
BRH:3
end_of_record
TN:
SF:src/routes/product.js
FNF:0
FNH:0
DA:1,1
DA:2,1
DA:3,1
DA:4,1
DA:5,1
DA:6,3
DA:7,3
DA:8,3
DA:9,3
DA:10,3
DA:11,3
DA:12,2
DA:13,2
DA:14,2
DA:15,3
DA:16,1
DA:17,1
DA:18,1
DA:19,1
DA:20,1
DA:21,1
DA:22,1
LF:22
LH:22
BRDA:5,0,0,3
BRDA:9,1,0,1
BRDA:9,2,0,2
BRDA:11,3,0,2
BRDA:15,4,0,1
BRF:5
BRH:5
end_of_record
